[0.624s] Invoking command in '/root/rosplayground/ros2cws/src/p3dx_robot': PYTHONPATH=/root/rosplayground/ros2cws/src/p3dx_robot/install/p3dx_robot/lib/python3.8/site-packages:${PYTHONPATH} /usr/bin/python3 setup.py egg_info --egg-base build/p3dx_robot build --build-base /root/rosplayground/ros2cws/src/p3dx_robot/build/p3dx_robot/build install --prefix /root/rosplayground/ros2cws/src/p3dx_robot/install/p3dx_robot --record /root/rosplayground/ros2cws/src/p3dx_robot/build/p3dx_robot/install.log --single-version-externally-managed
[0.821s] running egg_info
[0.822s] writing build/p3dx_robot/p3dx_robot.egg-info/PKG-INFO
[0.822s] writing dependency_links to build/p3dx_robot/p3dx_robot.egg-info/dependency_links.txt
[0.822s] writing entry points to build/p3dx_robot/p3dx_robot.egg-info/entry_points.txt
[0.823s] writing requirements to build/p3dx_robot/p3dx_robot.egg-info/requires.txt
[0.823s] writing top-level names to build/p3dx_robot/p3dx_robot.egg-info/top_level.txt
[0.854s] reading manifest file 'build/p3dx_robot/p3dx_robot.egg-info/SOURCES.txt'
[0.854s] writing manifest file 'build/p3dx_robot/p3dx_robot.egg-info/SOURCES.txt'
[0.855s] running build
[0.855s] running build_py
[0.855s] copying p3dx_robot/serial_comm.py -> /root/rosplayground/ros2cws/src/p3dx_robot/build/p3dx_robot/build/lib/p3dx_robot
[0.855s] running install
[0.856s] running install_lib
[0.857s] copying /root/rosplayground/ros2cws/src/p3dx_robot/build/p3dx_robot/build/lib/p3dx_robot/serial_comm.py -> /root/rosplayground/ros2cws/src/p3dx_robot/install/p3dx_robot/lib/python3.8/site-packages/p3dx_robot
[0.858s] byte-compiling /root/rosplayground/ros2cws/src/p3dx_robot/install/p3dx_robot/lib/python3.8/site-packages/p3dx_robot/serial_comm.py to serial_comm.cpython-38.pyc
[0.860s] running install_data
[0.861s] running install_egg_info
[0.863s] removing '/root/rosplayground/ros2cws/src/p3dx_robot/install/p3dx_robot/lib/python3.8/site-packages/p3dx_robot-0.0.0-py3.8.egg-info' (and everything under it)
[0.863s] Copying build/p3dx_robot/p3dx_robot.egg-info to /root/rosplayground/ros2cws/src/p3dx_robot/install/p3dx_robot/lib/python3.8/site-packages/p3dx_robot-0.0.0-py3.8.egg-info
[0.864s] running install_scripts
[0.880s] Installing control script to /root/rosplayground/ros2cws/src/p3dx_robot/install/p3dx_robot/lib/p3dx_robot
[0.880s] Installing robotserial script to /root/rosplayground/ros2cws/src/p3dx_robot/install/p3dx_robot/lib/p3dx_robot
[0.880s] writing list of installed files to '/root/rosplayground/ros2cws/src/p3dx_robot/build/p3dx_robot/install.log'
[0.903s] Invoked command in '/root/rosplayground/ros2cws/src/p3dx_robot' returned '0': PYTHONPATH=/root/rosplayground/ros2cws/src/p3dx_robot/install/p3dx_robot/lib/python3.8/site-packages:${PYTHONPATH} /usr/bin/python3 setup.py egg_info --egg-base build/p3dx_robot build --build-base /root/rosplayground/ros2cws/src/p3dx_robot/build/p3dx_robot/build install --prefix /root/rosplayground/ros2cws/src/p3dx_robot/install/p3dx_robot --record /root/rosplayground/ros2cws/src/p3dx_robot/build/p3dx_robot/install.log --single-version-externally-managed
