[0.900s] Invoking command in '/root/rosplayground/ros2cws/src/p3dx_robot': PYTHONPATH=/root/rosplayground/ros2cws/src/p3dx_robot/install/p3dx_robot/lib/python3.8/site-packages:${PYTHONPATH} /usr/bin/python3 setup.py egg_info --egg-base build/p3dx_robot build --build-base /root/rosplayground/ros2cws/src/p3dx_robot/build/p3dx_robot/build install --prefix /root/rosplayground/ros2cws/src/p3dx_robot/install/p3dx_robot --record /root/rosplayground/ros2cws/src/p3dx_robot/build/p3dx_robot/install.log --single-version-externally-managed
[1.097s] running egg_info
[1.097s] writing build/p3dx_robot/p3dx_robot.egg-info/PKG-INFO
[1.098s] writing dependency_links to build/p3dx_robot/p3dx_robot.egg-info/dependency_links.txt
[1.099s] writing entry points to build/p3dx_robot/p3dx_robot.egg-info/entry_points.txt
[1.099s] writing requirements to build/p3dx_robot/p3dx_robot.egg-info/requires.txt
[1.099s] writing top-level names to build/p3dx_robot/p3dx_robot.egg-info/top_level.txt
[1.132s] reading manifest file 'build/p3dx_robot/p3dx_robot.egg-info/SOURCES.txt'
[1.133s] writing manifest file 'build/p3dx_robot/p3dx_robot.egg-info/SOURCES.txt'
[1.134s] running build
[1.134s] running build_py
[1.134s] running install
[1.135s] running install_lib
[1.137s] running install_data
[1.138s] running install_egg_info
[1.140s] removing '/root/rosplayground/ros2cws/src/p3dx_robot/install/p3dx_robot/lib/python3.8/site-packages/p3dx_robot-0.0.0-py3.8.egg-info' (and everything under it)
[1.142s] Copying build/p3dx_robot/p3dx_robot.egg-info to /root/rosplayground/ros2cws/src/p3dx_robot/install/p3dx_robot/lib/python3.8/site-packages/p3dx_robot-0.0.0-py3.8.egg-info
[1.143s] running install_scripts
[1.159s] Installing control script to /root/rosplayground/ros2cws/src/p3dx_robot/install/p3dx_robot/lib/p3dx_robot
[1.160s] Installing robotserial script to /root/rosplayground/ros2cws/src/p3dx_robot/install/p3dx_robot/lib/p3dx_robot
[1.160s] writing list of installed files to '/root/rosplayground/ros2cws/src/p3dx_robot/build/p3dx_robot/install.log'
[1.185s] Invoked command in '/root/rosplayground/ros2cws/src/p3dx_robot' returned '0': PYTHONPATH=/root/rosplayground/ros2cws/src/p3dx_robot/install/p3dx_robot/lib/python3.8/site-packages:${PYTHONPATH} /usr/bin/python3 setup.py egg_info --egg-base build/p3dx_robot build --build-base /root/rosplayground/ros2cws/src/p3dx_robot/build/p3dx_robot/build install --prefix /root/rosplayground/ros2cws/src/p3dx_robot/install/p3dx_robot --record /root/rosplayground/ros2cws/src/p3dx_robot/build/p3dx_robot/install.log --single-version-externally-managed
