[0.611s] Invoking command in '/root/rosplayground/ros2cws/src/p3dx_robot': PYTHONPATH=/root/rosplayground/ros2cws/src/p3dx_robot/install/p3dx_robot/lib/python3.8/site-packages:${PYTHONPATH} /usr/bin/python3 setup.py egg_info --egg-base build/p3dx_robot build --build-base /root/rosplayground/ros2cws/src/p3dx_robot/build/p3dx_robot/build install --prefix /root/rosplayground/ros2cws/src/p3dx_robot/install/p3dx_robot --record /root/rosplayground/ros2cws/src/p3dx_robot/build/p3dx_robot/install.log --single-version-externally-managed
[0.804s] running egg_info
[0.804s] writing build/p3dx_robot/p3dx_robot.egg-info/PKG-INFO
[0.805s] writing dependency_links to build/p3dx_robot/p3dx_robot.egg-info/dependency_links.txt
[0.805s] writing entry points to build/p3dx_robot/p3dx_robot.egg-info/entry_points.txt
[0.805s] writing requirements to build/p3dx_robot/p3dx_robot.egg-info/requires.txt
[0.805s] writing top-level names to build/p3dx_robot/p3dx_robot.egg-info/top_level.txt
[0.835s] reading manifest file 'build/p3dx_robot/p3dx_robot.egg-info/SOURCES.txt'
[0.836s] writing manifest file 'build/p3dx_robot/p3dx_robot.egg-info/SOURCES.txt'
[0.836s] running build
[0.836s] running build_py
[0.836s] copying p3dx_robot/p3dx_robot_controller.py -> /root/rosplayground/ros2cws/src/p3dx_robot/build/p3dx_robot/build/lib/p3dx_robot
[0.836s] running install
[0.837s] running install_lib
[0.838s] copying /root/rosplayground/ros2cws/src/p3dx_robot/build/p3dx_robot/build/lib/p3dx_robot/p3dx_robot_controller.py -> /root/rosplayground/ros2cws/src/p3dx_robot/install/p3dx_robot/lib/python3.8/site-packages/p3dx_robot
[0.838s] byte-compiling /root/rosplayground/ros2cws/src/p3dx_robot/install/p3dx_robot/lib/python3.8/site-packages/p3dx_robot/p3dx_robot_controller.py to p3dx_robot_controller.cpython-38.pyc
[0.841s] running install_data
[0.842s] running install_egg_info
[0.843s] removing '/root/rosplayground/ros2cws/src/p3dx_robot/install/p3dx_robot/lib/python3.8/site-packages/p3dx_robot-0.0.0-py3.8.egg-info' (and everything under it)
[0.843s] Copying build/p3dx_robot/p3dx_robot.egg-info to /root/rosplayground/ros2cws/src/p3dx_robot/install/p3dx_robot/lib/python3.8/site-packages/p3dx_robot-0.0.0-py3.8.egg-info
[0.844s] running install_scripts
[0.859s] Installing control script to /root/rosplayground/ros2cws/src/p3dx_robot/install/p3dx_robot/lib/p3dx_robot
[0.859s] Installing robotserial script to /root/rosplayground/ros2cws/src/p3dx_robot/install/p3dx_robot/lib/p3dx_robot
[0.859s] writing list of installed files to '/root/rosplayground/ros2cws/src/p3dx_robot/build/p3dx_robot/install.log'
[0.880s] Invoked command in '/root/rosplayground/ros2cws/src/p3dx_robot' returned '0': PYTHONPATH=/root/rosplayground/ros2cws/src/p3dx_robot/install/p3dx_robot/lib/python3.8/site-packages:${PYTHONPATH} /usr/bin/python3 setup.py egg_info --egg-base build/p3dx_robot build --build-base /root/rosplayground/ros2cws/src/p3dx_robot/build/p3dx_robot/build install --prefix /root/rosplayground/ros2cws/src/p3dx_robot/install/p3dx_robot --record /root/rosplayground/ros2cws/src/p3dx_robot/build/p3dx_robot/install.log --single-version-externally-managed
