[0.641s] Invoking command in '/root/rosplayground/ros2cws/src/p3dx_robot': PYTHONPATH=/root/rosplayground/ros2cws/src/p3dx_robot/install/p3dx_robot/lib/python3.8/site-packages:${PYTHONPATH} /usr/bin/python3 setup.py egg_info --egg-base build/p3dx_robot build --build-base /root/rosplayground/ros2cws/src/p3dx_robot/build/p3dx_robot/build install --prefix /root/rosplayground/ros2cws/src/p3dx_robot/install/p3dx_robot --record /root/rosplayground/ros2cws/src/p3dx_robot/build/p3dx_robot/install.log --single-version-externally-managed
[0.862s] running egg_info
[0.862s] writing build/p3dx_robot/p3dx_robot.egg-info/PKG-INFO
[0.863s] writing dependency_links to build/p3dx_robot/p3dx_robot.egg-info/dependency_links.txt
[0.863s] writing entry points to build/p3dx_robot/p3dx_robot.egg-info/entry_points.txt
[0.863s] writing requirements to build/p3dx_robot/p3dx_robot.egg-info/requires.txt
[0.864s] writing top-level names to build/p3dx_robot/p3dx_robot.egg-info/top_level.txt
[0.907s] reading manifest file 'build/p3dx_robot/p3dx_robot.egg-info/SOURCES.txt'
[0.908s] writing manifest file 'build/p3dx_robot/p3dx_robot.egg-info/SOURCES.txt'
[0.909s] running build
[0.909s] running build_py
[0.909s] copying p3dx_robot/p3dx_robot_controller.py -> /root/rosplayground/ros2cws/src/p3dx_robot/build/p3dx_robot/build/lib/p3dx_robot
[0.910s] running install
[0.911s] running install_lib
[0.912s] copying /root/rosplayground/ros2cws/src/p3dx_robot/build/p3dx_robot/build/lib/p3dx_robot/p3dx_robot_controller.py -> /root/rosplayground/ros2cws/src/p3dx_robot/install/p3dx_robot/lib/python3.8/site-packages/p3dx_robot
[0.913s] byte-compiling /root/rosplayground/ros2cws/src/p3dx_robot/install/p3dx_robot/lib/python3.8/site-packages/p3dx_robot/p3dx_robot_controller.py to p3dx_robot_controller.cpython-38.pyc
[0.916s] running install_data
[0.917s] running install_egg_info
[0.918s] removing '/root/rosplayground/ros2cws/src/p3dx_robot/install/p3dx_robot/lib/python3.8/site-packages/p3dx_robot-0.0.0-py3.8.egg-info' (and everything under it)
[0.919s] Copying build/p3dx_robot/p3dx_robot.egg-info to /root/rosplayground/ros2cws/src/p3dx_robot/install/p3dx_robot/lib/python3.8/site-packages/p3dx_robot-0.0.0-py3.8.egg-info
[0.920s] running install_scripts
[0.937s] Installing control script to /root/rosplayground/ros2cws/src/p3dx_robot/install/p3dx_robot/lib/p3dx_robot
[0.937s] Installing robotserial script to /root/rosplayground/ros2cws/src/p3dx_robot/install/p3dx_robot/lib/p3dx_robot
[0.937s] writing list of installed files to '/root/rosplayground/ros2cws/src/p3dx_robot/build/p3dx_robot/install.log'
[0.958s] Invoked command in '/root/rosplayground/ros2cws/src/p3dx_robot' returned '0': PYTHONPATH=/root/rosplayground/ros2cws/src/p3dx_robot/install/p3dx_robot/lib/python3.8/site-packages:${PYTHONPATH} /usr/bin/python3 setup.py egg_info --egg-base build/p3dx_robot build --build-base /root/rosplayground/ros2cws/src/p3dx_robot/build/p3dx_robot/build install --prefix /root/rosplayground/ros2cws/src/p3dx_robot/install/p3dx_robot --record /root/rosplayground/ros2cws/src/p3dx_robot/build/p3dx_robot/install.log --single-version-externally-managed
