[0.612s] Invoking command in '/root/rosplayground/ros2cws/src/p3dx_robot': PYTHONPATH=/root/rosplayground/ros2cws/src/p3dx_robot/install/p3dx_robot/lib/python3.8/site-packages:${PYTHONPATH} /usr/bin/python3 setup.py egg_info --egg-base build/p3dx_robot build --build-base /root/rosplayground/ros2cws/src/p3dx_robot/build/p3dx_robot/build install --prefix /root/rosplayground/ros2cws/src/p3dx_robot/install/p3dx_robot --record /root/rosplayground/ros2cws/src/p3dx_robot/build/p3dx_robot/install.log --single-version-externally-managed
[0.805s] running egg_info
[0.805s] writing build/p3dx_robot/p3dx_robot.egg-info/PKG-INFO
[0.806s] writing dependency_links to build/p3dx_robot/p3dx_robot.egg-info/dependency_links.txt
[0.806s] writing entry points to build/p3dx_robot/p3dx_robot.egg-info/entry_points.txt
[0.806s] writing requirements to build/p3dx_robot/p3dx_robot.egg-info/requires.txt
[0.807s] writing top-level names to build/p3dx_robot/p3dx_robot.egg-info/top_level.txt
[0.843s] reading manifest file 'build/p3dx_robot/p3dx_robot.egg-info/SOURCES.txt'
[0.846s] writing manifest file 'build/p3dx_robot/p3dx_robot.egg-info/SOURCES.txt'
[0.846s] running build
[0.846s] running build_py
[0.846s] copying p3dx_robot/p3dx_robot_controller.py -> /root/rosplayground/ros2cws/src/p3dx_robot/build/p3dx_robot/build/lib/p3dx_robot
[0.847s] copying p3dx_robot/serial_comm.py -> /root/rosplayground/ros2cws/src/p3dx_robot/build/p3dx_robot/build/lib/p3dx_robot
[0.847s] running install
[0.849s] running install_lib
[0.850s] copying /root/rosplayground/ros2cws/src/p3dx_robot/build/p3dx_robot/build/lib/p3dx_robot/p3dx_robot_controller.py -> /root/rosplayground/ros2cws/src/p3dx_robot/install/p3dx_robot/lib/python3.8/site-packages/p3dx_robot
[0.851s] copying /root/rosplayground/ros2cws/src/p3dx_robot/build/p3dx_robot/build/lib/p3dx_robot/serial_comm.py -> /root/rosplayground/ros2cws/src/p3dx_robot/install/p3dx_robot/lib/python3.8/site-packages/p3dx_robot
[0.852s] byte-compiling /root/rosplayground/ros2cws/src/p3dx_robot/install/p3dx_robot/lib/python3.8/site-packages/p3dx_robot/p3dx_robot_controller.py to p3dx_robot_controller.cpython-38.pyc
[0.856s] byte-compiling /root/rosplayground/ros2cws/src/p3dx_robot/install/p3dx_robot/lib/python3.8/site-packages/p3dx_robot/serial_comm.py to serial_comm.cpython-38.pyc
[0.856s] running install_data
[0.857s] running install_egg_info
[0.858s] removing '/root/rosplayground/ros2cws/src/p3dx_robot/install/p3dx_robot/lib/python3.8/site-packages/p3dx_robot-0.0.0-py3.8.egg-info' (and everything under it)
[0.859s] Copying build/p3dx_robot/p3dx_robot.egg-info to /root/rosplayground/ros2cws/src/p3dx_robot/install/p3dx_robot/lib/python3.8/site-packages/p3dx_robot-0.0.0-py3.8.egg-info
[0.859s] running install_scripts
[0.874s] Installing control script to /root/rosplayground/ros2cws/src/p3dx_robot/install/p3dx_robot/lib/p3dx_robot
[0.875s] Installing robotserial script to /root/rosplayground/ros2cws/src/p3dx_robot/install/p3dx_robot/lib/p3dx_robot
[0.875s] writing list of installed files to '/root/rosplayground/ros2cws/src/p3dx_robot/build/p3dx_robot/install.log'
[0.897s] Invoked command in '/root/rosplayground/ros2cws/src/p3dx_robot' returned '0': PYTHONPATH=/root/rosplayground/ros2cws/src/p3dx_robot/install/p3dx_robot/lib/python3.8/site-packages:${PYTHONPATH} /usr/bin/python3 setup.py egg_info --egg-base build/p3dx_robot build --build-base /root/rosplayground/ros2cws/src/p3dx_robot/build/p3dx_robot/build install --prefix /root/rosplayground/ros2cws/src/p3dx_robot/install/p3dx_robot --record /root/rosplayground/ros2cws/src/p3dx_robot/build/p3dx_robot/install.log --single-version-externally-managed
