running egg_info
writing build/p3dx_robot/p3dx_robot.egg-info/PKG-INFO
writing dependency_links to build/p3dx_robot/p3dx_robot.egg-info/dependency_links.txt
writing entry points to build/p3dx_robot/p3dx_robot.egg-info/entry_points.txt
writing requirements to build/p3dx_robot/p3dx_robot.egg-info/requires.txt
writing top-level names to build/p3dx_robot/p3dx_robot.egg-info/top_level.txt
reading manifest file 'build/p3dx_robot/p3dx_robot.egg-info/SOURCES.txt'
writing manifest file 'build/p3dx_robot/p3dx_robot.egg-info/SOURCES.txt'
running build
running build_py
running install
running install_lib
running install_data
running install_egg_info
removing '/root/rosplayground/ros2cws/src/p3dx_robot/install/p3dx_robot/lib/python3.8/site-packages/p3dx_robot-0.0.0-py3.8.egg-info' (and everything under it)
Copying build/p3dx_robot/p3dx_robot.egg-info to /root/rosplayground/ros2cws/src/p3dx_robot/install/p3dx_robot/lib/python3.8/site-packages/p3dx_robot-0.0.0-py3.8.egg-info
running install_scripts
Installing control script to /root/rosplayground/ros2cws/src/p3dx_robot/install/p3dx_robot/lib/p3dx_robot
Installing robotserial script to /root/rosplayground/ros2cws/src/p3dx_robot/install/p3dx_robot/lib/p3dx_robot
writing list of installed files to '/root/rosplayground/ros2cws/src/p3dx_robot/build/p3dx_robot/install.log'
