[0.743s] Invoking command in '/root/rosplayground/ros2cws/src/p3dx_robot': PYTHONPATH=/root/rosplayground/ros2cws/src/p3dx_robot/install/p3dx_robot/lib/python3.8/site-packages:${PYTHONPATH} /usr/bin/python3 setup.py egg_info --egg-base build/p3dx_robot build --build-base /root/rosplayground/ros2cws/src/p3dx_robot/build/p3dx_robot/build install --prefix /root/rosplayground/ros2cws/src/p3dx_robot/install/p3dx_robot --record /root/rosplayground/ros2cws/src/p3dx_robot/build/p3dx_robot/install.log --single-version-externally-managed
[0.974s] running egg_info
[0.974s] writing build/p3dx_robot/p3dx_robot.egg-info/PKG-INFO
[0.974s] writing dependency_links to build/p3dx_robot/p3dx_robot.egg-info/dependency_links.txt
[0.975s] writing entry points to build/p3dx_robot/p3dx_robot.egg-info/entry_points.txt
[0.975s] writing requirements to build/p3dx_robot/p3dx_robot.egg-info/requires.txt
[0.975s] writing top-level names to build/p3dx_robot/p3dx_robot.egg-info/top_level.txt
[1.012s] reading manifest file 'build/p3dx_robot/p3dx_robot.egg-info/SOURCES.txt'
[1.013s] writing manifest file 'build/p3dx_robot/p3dx_robot.egg-info/SOURCES.txt'
[1.013s] running build
[1.013s] running build_py
[1.013s] running install
[1.014s] running install_lib
[1.015s] running install_data
[1.016s] running install_egg_info
[1.017s] removing '/root/rosplayground/ros2cws/src/p3dx_robot/install/p3dx_robot/lib/python3.8/site-packages/p3dx_robot-0.0.0-py3.8.egg-info' (and everything under it)
[1.018s] Copying build/p3dx_robot/p3dx_robot.egg-info to /root/rosplayground/ros2cws/src/p3dx_robot/install/p3dx_robot/lib/python3.8/site-packages/p3dx_robot-0.0.0-py3.8.egg-info
[1.018s] running install_scripts
[1.045s] Installing control script to /root/rosplayground/ros2cws/src/p3dx_robot/install/p3dx_robot/lib/p3dx_robot
[1.045s] Installing robotserial script to /root/rosplayground/ros2cws/src/p3dx_robot/install/p3dx_robot/lib/p3dx_robot
[1.045s] writing list of installed files to '/root/rosplayground/ros2cws/src/p3dx_robot/build/p3dx_robot/install.log'
[1.069s] Invoked command in '/root/rosplayground/ros2cws/src/p3dx_robot' returned '0': PYTHONPATH=/root/rosplayground/ros2cws/src/p3dx_robot/install/p3dx_robot/lib/python3.8/site-packages:${PYTHONPATH} /usr/bin/python3 setup.py egg_info --egg-base build/p3dx_robot build --build-base /root/rosplayground/ros2cws/src/p3dx_robot/build/p3dx_robot/build install --prefix /root/rosplayground/ros2cws/src/p3dx_robot/install/p3dx_robot --record /root/rosplayground/ros2cws/src/p3dx_robot/build/p3dx_robot/install.log --single-version-externally-managed
