[0.674s] Invoking command in '/root/rosplayground/ros2cws/src/p3dx_robot': PYTHONPATH=/root/rosplayground/ros2cws/src/p3dx_robot/install/p3dx_robot/lib/python3.8/site-packages:${PYTHONPATH} /usr/bin/python3 setup.py egg_info --egg-base build/p3dx_robot build --build-base /root/rosplayground/ros2cws/src/p3dx_robot/build/p3dx_robot/build install --prefix /root/rosplayground/ros2cws/src/p3dx_robot/install/p3dx_robot --record /root/rosplayground/ros2cws/src/p3dx_robot/build/p3dx_robot/install.log --single-version-externally-managed
[0.861s] running egg_info
[0.861s] writing build/p3dx_robot/p3dx_robot.egg-info/PKG-INFO
[0.861s] writing dependency_links to build/p3dx_robot/p3dx_robot.egg-info/dependency_links.txt
[0.862s] writing entry points to build/p3dx_robot/p3dx_robot.egg-info/entry_points.txt
[0.862s] writing requirements to build/p3dx_robot/p3dx_robot.egg-info/requires.txt
[0.862s] writing top-level names to build/p3dx_robot/p3dx_robot.egg-info/top_level.txt
[0.896s] reading manifest file 'build/p3dx_robot/p3dx_robot.egg-info/SOURCES.txt'
[0.897s] writing manifest file 'build/p3dx_robot/p3dx_robot.egg-info/SOURCES.txt'
[0.897s] running build
[0.897s] running build_py
[0.898s] copying p3dx_robot/serial_comm_ros.py -> /root/rosplayground/ros2cws/src/p3dx_robot/build/p3dx_robot/build/lib/p3dx_robot
[0.898s] running install
[0.898s] running install_lib
[0.899s] copying /root/rosplayground/ros2cws/src/p3dx_robot/build/p3dx_robot/build/lib/p3dx_robot/serial_comm_ros.py -> /root/rosplayground/ros2cws/src/p3dx_robot/install/p3dx_robot/lib/python3.8/site-packages/p3dx_robot
[0.900s] byte-compiling /root/rosplayground/ros2cws/src/p3dx_robot/install/p3dx_robot/lib/python3.8/site-packages/p3dx_robot/serial_comm_ros.py to serial_comm_ros.cpython-38.pyc
[0.902s] running install_data
[0.902s] running install_egg_info
[0.903s] removing '/root/rosplayground/ros2cws/src/p3dx_robot/install/p3dx_robot/lib/python3.8/site-packages/p3dx_robot-0.0.0-py3.8.egg-info' (and everything under it)
[0.904s] Copying build/p3dx_robot/p3dx_robot.egg-info to /root/rosplayground/ros2cws/src/p3dx_robot/install/p3dx_robot/lib/python3.8/site-packages/p3dx_robot-0.0.0-py3.8.egg-info
[0.904s] running install_scripts
[0.919s] Installing control script to /root/rosplayground/ros2cws/src/p3dx_robot/install/p3dx_robot/lib/p3dx_robot
[0.919s] Installing robotserial script to /root/rosplayground/ros2cws/src/p3dx_robot/install/p3dx_robot/lib/p3dx_robot
[0.920s] writing list of installed files to '/root/rosplayground/ros2cws/src/p3dx_robot/build/p3dx_robot/install.log'
[0.947s] Invoked command in '/root/rosplayground/ros2cws/src/p3dx_robot' returned '0': PYTHONPATH=/root/rosplayground/ros2cws/src/p3dx_robot/install/p3dx_robot/lib/python3.8/site-packages:${PYTHONPATH} /usr/bin/python3 setup.py egg_info --egg-base build/p3dx_robot build --build-base /root/rosplayground/ros2cws/src/p3dx_robot/build/p3dx_robot/build install --prefix /root/rosplayground/ros2cws/src/p3dx_robot/install/p3dx_robot --record /root/rosplayground/ros2cws/src/p3dx_robot/build/p3dx_robot/install.log --single-version-externally-managed
